==18456== Memcheck, a memory error detector
==18456== Copyright (C) 2002-2013, and GNU GPL'd, by Julian Seward et al.
==18456== Using Valgrind-3.10.0.SVN and LibVEX; rerun with -h for copyright info
==18456== Command: ./services start --log-file=valgrind.log
==18456== Parent PID: 13410
==18456== 
==18456== Invalid write of size 4
==18456==    at 0x517D1C0: __GI_mempcpy (memcpy.S:96)
==18456==    by 0x516C1C8: _IO_default_xsputn (genops.c:463)
==18456==    by 0x5139CAF: vfprintf (vfprintf.c:1340)
==18456==    by 0x51F9C33: __vsprintf_chk (vsprintf_chk.c:84)
==18456==    by 0x51F9B8C: __sprintf_chk (sprintf_chk.c:31)
==18456==    by 0x40A2A4: cs_mkick (stdio2.h:33)
==18456==    by 0x40404B: c_privmsg (commands.c:264)
==18456==    by 0x41741F: parse (sock.c:176)
==18456==    by 0x411416: start_app (main.c:148)
==18456==    by 0x41150F: load_app (main.c:111)
==18456==    by 0x402128: main (main.c:82)
==18456==  Address 0x5c33912 is 2 bytes inside a block of size 5 alloc'd
==18456==    at 0x4C2AB80: malloc (in /usr/lib/valgrind/vgpreload_memcheck-amd64-linux.so)
==18456==    by 0x51792B9: strdup (strdup.c:42)
==18456==    by 0x40F4C5: sstrdup (functions.c:249)
==18456==    by 0x40A22B: cs_mkick (cs_mkick.c:32)
==18456==    by 0x40404B: c_privmsg (commands.c:264)
==18456==    by 0x41741F: parse (sock.c:176)
==18456==    by 0x411416: start_app (main.c:148)
==18456==    by 0x41150F: load_app (main.c:111)
==18456==    by 0x402128: main (main.c:82)
==18456== 
==18456== Invalid write of size 8
==18456==    at 0x517D1F7: __GI_mempcpy (memcpy.S:124)
==18456==    by 0x516C1C8: _IO_default_xsputn (genops.c:463)
==18456==    by 0x5139CAF: vfprintf (vfprintf.c:1340)
==18456==    by 0x51F9C33: __vsprintf_chk (vsprintf_chk.c:84)
==18456==    by 0x51F9B8C: __sprintf_chk (sprintf_chk.c:31)
==18456==    by 0x40A2A4: cs_mkick (stdio2.h:33)
==18456==    by 0x40404B: c_privmsg (commands.c:264)
==18456==    by 0x41741F: parse (sock.c:176)
==18456==    by 0x411416: start_app (main.c:148)
==18456==    by 0x41150F: load_app (main.c:111)
==18456==    by 0x402128: main (main.c:82)
==18456==  Address 0x5c33916 is 1 bytes after a block of size 5 alloc'd
==18456==    at 0x4C2AB80: malloc (in /usr/lib/valgrind/vgpreload_memcheck-amd64-linux.so)
==18456==    by 0x51792B9: strdup (strdup.c:42)
==18456==    by 0x40F4C5: sstrdup (functions.c:249)
==18456==    by 0x40A22B: cs_mkick (cs_mkick.c:32)
==18456==    by 0x40404B: c_privmsg (commands.c:264)
==18456==    by 0x41741F: parse (sock.c:176)
==18456==    by 0x411416: start_app (main.c:148)
==18456==    by 0x41150F: load_app (main.c:111)
==18456==    by 0x402128: main (main.c:82)
==18456== 
==18456== Invalid write of size 8
==18456==    at 0x517D1FA: __GI_mempcpy (memcpy.S:125)
==18456==    by 0x516C1C8: _IO_default_xsputn (genops.c:463)
==18456==    by 0x5139CAF: vfprintf (vfprintf.c:1340)
==18456==    by 0x51F9C33: __vsprintf_chk (vsprintf_chk.c:84)
==18456==    by 0x51F9B8C: __sprintf_chk (sprintf_chk.c:31)
==18456==    by 0x40A2A4: cs_mkick (stdio2.h:33)
==18456==    by 0x40404B: c_privmsg (commands.c:264)
==18456==    by 0x41741F: parse (sock.c:176)
==18456==    by 0x411416: start_app (main.c:148)
==18456==    by 0x41150F: load_app (main.c:111)
==18456==    by 0x402128: main (main.c:82)
==18456==  Address 0x5c3391e is 9 bytes after a block of size 5 alloc'd
==18456==    at 0x4C2AB80: malloc (in /usr/lib/valgrind/vgpreload_memcheck-amd64-linux.so)
==18456==    by 0x51792B9: strdup (strdup.c:42)
==18456==    by 0x40F4C5: sstrdup (functions.c:249)
==18456==    by 0x40A22B: cs_mkick (cs_mkick.c:32)
==18456==    by 0x40404B: c_privmsg (commands.c:264)
==18456==    by 0x41741F: parse (sock.c:176)
==18456==    by 0x411416: start_app (main.c:148)
==18456==    by 0x41150F: load_app (main.c:111)
==18456==    by 0x402128: main (main.c:82)
==18456== 
==18456== Invalid write of size 1
==18456==    at 0x516C1ED: _IO_default_xsputn (genops.c:475)
==18456==    by 0x513B8B4: vfprintf (vfprintf.c:1661)
==18456==    by 0x51F9C33: __vsprintf_chk (vsprintf_chk.c:84)
==18456==    by 0x51F9B8C: __sprintf_chk (sprintf_chk.c:31)
==18456==    by 0x40A2A4: cs_mkick (stdio2.h:33)
==18456==    by 0x40404B: c_privmsg (commands.c:264)
==18456==    by 0x41741F: parse (sock.c:176)
==18456==    by 0x411416: start_app (main.c:148)
==18456==    by 0x41150F: load_app (main.c:111)
==18456==    by 0x402128: main (main.c:82)
==18456==  Address 0x5c33926 is 17 bytes after a block of size 5 alloc'd
==18456==    at 0x4C2AB80: malloc (in /usr/lib/valgrind/vgpreload_memcheck-amd64-linux.so)
==18456==    by 0x51792B9: strdup (strdup.c:42)
==18456==    by 0x40F4C5: sstrdup (functions.c:249)
==18456==    by 0x40A22B: cs_mkick (cs_mkick.c:32)
==18456==    by 0x40404B: c_privmsg (commands.c:264)
==18456==    by 0x41741F: parse (sock.c:176)
==18456==    by 0x411416: start_app (main.c:148)
==18456==    by 0x41150F: load_app (main.c:111)
==18456==    by 0x402128: main (main.c:82)
==18456== 
==18456== Invalid write of size 1
==18456==    at 0x516C1ED: _IO_default_xsputn (genops.c:475)
==18456==    by 0x513A3D9: vfprintf (vfprintf.c:1692)
==18456==    by 0x51F9C33: __vsprintf_chk (vsprintf_chk.c:84)
==18456==    by 0x51F9B8C: __sprintf_chk (sprintf_chk.c:31)
==18456==    by 0x40A2A4: cs_mkick (stdio2.h:33)
==18456==    by 0x40404B: c_privmsg (commands.c:264)
==18456==    by 0x41741F: parse (sock.c:176)
==18456==    by 0x411416: start_app (main.c:148)
==18456==    by 0x41150F: load_app (main.c:111)
==18456==    by 0x402128: main (main.c:82)
==18456==  Address 0x5c3392f is not stack'd, malloc'd or (recently) free'd
==18456== 
==18456== Invalid read of size 1
==18456==    at 0x513B8F3: vfprintf (vfprintf.c:1661)
==18456==    by 0x51F9C33: __vsprintf_chk (vsprintf_chk.c:84)
==18456==    by 0x51F9B8C: __sprintf_chk (sprintf_chk.c:31)
==18456==    by 0x40A2A4: cs_mkick (stdio2.h:33)
==18456==    by 0x40404B: c_privmsg (commands.c:264)
==18456==    by 0x41741F: parse (sock.c:176)
==18456==    by 0x411416: start_app (main.c:148)
==18456==    by 0x41150F: load_app (main.c:111)
==18456==    by 0x402128: main (main.c:82)
==18456==  Address 0x5c33915 is 0 bytes after a block of size 5 alloc'd
==18456==    at 0x4C2AB80: malloc (in /usr/lib/valgrind/vgpreload_memcheck-amd64-linux.so)
==18456==    by 0x51792B9: strdup (strdup.c:42)
==18456==    by 0x40F4C5: sstrdup (functions.c:249)
==18456==    by 0x40A22B: cs_mkick (cs_mkick.c:32)
==18456==    by 0x40404B: c_privmsg (commands.c:264)
==18456==    by 0x41741F: parse (sock.c:176)
==18456==    by 0x411416: start_app (main.c:148)
==18456==    by 0x41150F: load_app (main.c:111)
==18456==    by 0x402128: main (main.c:82)
==18456== 
==18456== Invalid read of size 8
==18456==    at 0x517D252: __GI_mempcpy (memcpy.S:196)
==18456==    by 0x516C1C8: _IO_default_xsputn (genops.c:463)
==18456==    by 0x513B8B4: vfprintf (vfprintf.c:1661)
==18456==    by 0x51F9C33: __vsprintf_chk (vsprintf_chk.c:84)
==18456==    by 0x51F9B8C: __sprintf_chk (sprintf_chk.c:31)
==18456==    by 0x40A2A4: cs_mkick (stdio2.h:33)
==18456==    by 0x40404B: c_privmsg (commands.c:264)
==18456==    by 0x41741F: parse (sock.c:176)
==18456==    by 0x411416: start_app (main.c:148)
==18456==    by 0x41150F: load_app (main.c:111)
==18456==    by 0x402128: main (main.c:82)
==18456==  Address 0x5c33910 is 0 bytes inside a block of size 5 alloc'd
==18456==    at 0x4C2AB80: malloc (in /usr/lib/valgrind/vgpreload_memcheck-amd64-linux.so)
==18456==    by 0x51792B9: strdup (strdup.c:42)
==18456==    by 0x40F4C5: sstrdup (functions.c:249)
==18456==    by 0x40A22B: cs_mkick (cs_mkick.c:32)
==18456==    by 0x40404B: c_privmsg (commands.c:264)
==18456==    by 0x41741F: parse (sock.c:176)
==18456==    by 0x411416: start_app (main.c:148)
==18456==    by 0x41150F: load_app (main.c:111)
==18456==    by 0x402128: main (main.c:82)
==18456== 
==18456== Invalid read of size 8
==18456==    at 0x517D255: __GI_mempcpy (memcpy.S:197)
==18456==    by 0x516C1C8: _IO_default_xsputn (genops.c:463)
==18456==    by 0x513B8B4: vfprintf (vfprintf.c:1661)
==18456==    by 0x51F9C33: __vsprintf_chk (vsprintf_chk.c:84)
==18456==    by 0x51F9B8C: __sprintf_chk (sprintf_chk.c:31)
==18456==    by 0x40A2A4: cs_mkick (stdio2.h:33)
==18456==    by 0x40404B: c_privmsg (commands.c:264)
==18456==    by 0x41741F: parse (sock.c:176)
==18456==    by 0x411416: start_app (main.c:148)
==18456==    by 0x41150F: load_app (main.c:111)
==18456==    by 0x402128: main (main.c:82)
==18456==  Address 0x5c33918 is 3 bytes after a block of size 5 alloc'd
==18456==    at 0x4C2AB80: malloc (in /usr/lib/valgrind/vgpreload_memcheck-amd64-linux.so)
==18456==    by 0x51792B9: strdup (strdup.c:42)
==18456==    by 0x40F4C5: sstrdup (functions.c:249)
==18456==    by 0x40A22B: cs_mkick (cs_mkick.c:32)
==18456==    by 0x40404B: c_privmsg (commands.c:264)
==18456==    by 0x41741F: parse (sock.c:176)
==18456==    by 0x411416: start_app (main.c:148)
==18456==    by 0x41150F: load_app (main.c:111)
==18456==    by 0x402128: main (main.c:82)
==18456== 
==18456== Invalid read of size 8
==18456==    at 0x517D259: __GI_mempcpy (memcpy.S:198)
==18456==    by 0x516C1C8: _IO_default_xsputn (genops.c:463)
==18456==    by 0x513B8B4: vfprintf (vfprintf.c:1661)
==18456==    by 0x51F9C33: __vsprintf_chk (vsprintf_chk.c:84)
==18456==    by 0x51F9B8C: __sprintf_chk (sprintf_chk.c:31)
==18456==    by 0x40A2A4: cs_mkick (stdio2.h:33)
==18456==    by 0x40404B: c_privmsg (commands.c:264)
==18456==    by 0x41741F: parse (sock.c:176)
==18456==    by 0x411416: start_app (main.c:148)
==18456==    by 0x41150F: load_app (main.c:111)
==18456==    by 0x402128: main (main.c:82)
==18456==  Address 0x5c33920 is 11 bytes after a block of size 5 alloc'd
==18456==    at 0x4C2AB80: malloc (in /usr/lib/valgrind/vgpreload_memcheck-amd64-linux.so)
==18456==    by 0x51792B9: strdup (strdup.c:42)
==18456==    by 0x40F4C5: sstrdup (functions.c:249)
==18456==    by 0x40A22B: cs_mkick (cs_mkick.c:32)
==18456==    by 0x40404B: c_privmsg (commands.c:264)
==18456==    by 0x41741F: parse (sock.c:176)
==18456==    by 0x411416: start_app (main.c:148)
==18456==    by 0x41150F: load_app (main.c:111)
==18456==    by 0x402128: main (main.c:82)
==18456== 
==18456== Invalid read of size 8
==18456==    at 0x517D25D: __GI_mempcpy (memcpy.S:199)
==18456==    by 0x516C1C8: _IO_default_xsputn (genops.c:463)
==18456==    by 0x513B8B4: vfprintf (vfprintf.c:1661)
==18456==    by 0x51F9C33: __vsprintf_chk (vsprintf_chk.c:84)
==18456==    by 0x51F9B8C: __sprintf_chk (sprintf_chk.c:31)
==18456==    by 0x40A2A4: cs_mkick (stdio2.h:33)
==18456==    by 0x40404B: c_privmsg (commands.c:264)
==18456==    by 0x41741F: parse (sock.c:176)
==18456==    by 0x411416: start_app (main.c:148)
==18456==    by 0x41150F: load_app (main.c:111)
==18456==    by 0x402128: main (main.c:82)
==18456==  Address 0x5c33928 is 19 bytes after a block of size 5 alloc'd
==18456==    at 0x4C2AB80: malloc (in /usr/lib/valgrind/vgpreload_memcheck-amd64-linux.so)
==18456==    by 0x51792B9: strdup (strdup.c:42)
==18456==    by 0x40F4C5: sstrdup (functions.c:249)
==18456==    by 0x40A22B: cs_mkick (cs_mkick.c:32)
==18456==    by 0x40404B: c_privmsg (commands.c:264)
==18456==    by 0x41741F: parse (sock.c:176)
==18456==    by 0x411416: start_app (main.c:148)
==18456==    by 0x41150F: load_app (main.c:111)
==18456==    by 0x402128: main (main.c:82)
==18456== 
==18456== Invalid write of size 8
==18456==    at 0x517D261: __GI_mempcpy (memcpy.S:201)
==18456==    by 0x516C1C8: _IO_default_xsputn (genops.c:463)
==18456==    by 0x513B8B4: vfprintf (vfprintf.c:1661)
==18456==    by 0x51F9C33: __vsprintf_chk (vsprintf_chk.c:84)
==18456==    by 0x51F9B8C: __sprintf_chk (sprintf_chk.c:31)
==18456==    by 0x40A2A4: cs_mkick (stdio2.h:33)
==18456==    by 0x40404B: c_privmsg (commands.c:264)
==18456==    by 0x41741F: parse (sock.c:176)
==18456==    by 0x411416: start_app (main.c:148)
==18456==    by 0x41150F: load_app (main.c:111)
==18456==    by 0x402128: main (main.c:82)
==18456==  Address 0x5c33931 is not stack'd, malloc'd or (recently) free'd
==18456== 
==18456== Invalid write of size 8
==18456==    at 0x517D264: __GI_mempcpy (memcpy.S:202)
==18456==    by 0x516C1C8: _IO_default_xsputn (genops.c:463)
==18456==    by 0x513B8B4: vfprintf (vfprintf.c:1661)
==18456==    by 0x51F9C33: __vsprintf_chk (vsprintf_chk.c:84)
==18456==    by 0x51F9B8C: __sprintf_chk (sprintf_chk.c:31)
==18456==    by 0x40A2A4: cs_mkick (stdio2.h:33)
==18456==    by 0x40404B: c_privmsg (commands.c:264)
==18456==    by 0x41741F: parse (sock.c:176)
==18456==    by 0x411416: start_app (main.c:148)
==18456==    by 0x41150F: load_app (main.c:111)
==18456==    by 0x402128: main (main.c:82)
==18456==  Address 0x5c33939 is not stack'd, malloc'd or (recently) free'd
==18456== 
==18456== Invalid write of size 8
==18456==    at 0x517D268: __GI_mempcpy (memcpy.S:203)
==18456==    by 0x516C1C8: _IO_default_xsputn (genops.c:463)
==18456==    by 0x513B8B4: vfprintf (vfprintf.c:1661)
==18456==    by 0x51F9C33: __vsprintf_chk (vsprintf_chk.c:84)
==18456==    by 0x51F9B8C: __sprintf_chk (sprintf_chk.c:31)
==18456==    by 0x40A2A4: cs_mkick (stdio2.h:33)
==18456==    by 0x40404B: c_privmsg (commands.c:264)
==18456==    by 0x41741F: parse (sock.c:176)
==18456==    by 0x411416: start_app (main.c:148)
==18456==    by 0x41150F: load_app (main.c:111)
==18456==    by 0x402128: main (main.c:82)
==18456==  Address 0x5c33941 is not stack'd, malloc'd or (recently) free'd
==18456== 
==18456== Invalid write of size 8
==18456==    at 0x517D26C: __GI_mempcpy (memcpy.S:204)
==18456==    by 0x516C1C8: _IO_default_xsputn (genops.c:463)
==18456==    by 0x513B8B4: vfprintf (vfprintf.c:1661)
==18456==    by 0x51F9C33: __vsprintf_chk (vsprintf_chk.c:84)
==18456==    by 0x51F9B8C: __sprintf_chk (sprintf_chk.c:31)
==18456==    by 0x40A2A4: cs_mkick (stdio2.h:33)
==18456==    by 0x40404B: c_privmsg (commands.c:264)
==18456==    by 0x41741F: parse (sock.c:176)
==18456==    by 0x411416: start_app (main.c:148)
==18456==    by 0x41150F: load_app (main.c:111)
==18456==    by 0x402128: main (main.c:82)
==18456==  Address 0x5c33949 is not stack'd, malloc'd or (recently) free'd
==18456== 
==18456== Invalid read of size 1
==18456==    at 0x517D19B: __GI_mempcpy (memcpy.S:71)
==18456==    by 0x516C1C8: _IO_default_xsputn (genops.c:463)
==18456==    by 0x513B8B4: vfprintf (vfprintf.c:1661)
==18456==    by 0x51F9C33: __vsprintf_chk (vsprintf_chk.c:84)
==18456==    by 0x51F9B8C: __sprintf_chk (sprintf_chk.c:31)
==18456==    by 0x40A2A4: cs_mkick (stdio2.h:33)
==18456==    by 0x40404B: c_privmsg (commands.c:264)
==18456==    by 0x41741F: parse (sock.c:176)
==18456==    by 0x411416: start_app (main.c:148)
==18456==    by 0x41150F: load_app (main.c:111)
==18456==    by 0x402128: main (main.c:82)
==18456==  Address 0x5c33930 is not stack'd, malloc'd or (recently) free'd
==18456== 
==18456== Invalid write of size 1
==18456==    at 0x517D19E: __GI_mempcpy (memcpy.S:72)
==18456==    by 0x516C1C8: _IO_default_xsputn (genops.c:463)
==18456==    by 0x513B8B4: vfprintf (vfprintf.c:1661)
==18456==    by 0x51F9C33: __vsprintf_chk (vsprintf_chk.c:84)
==18456==    by 0x51F9B8C: __sprintf_chk (sprintf_chk.c:31)
==18456==    by 0x40A2A4: cs_mkick (stdio2.h:33)
==18456==    by 0x40404B: c_privmsg (commands.c:264)
==18456==    by 0x41741F: parse (sock.c:176)
==18456==    by 0x411416: start_app (main.c:148)
==18456==    by 0x41150F: load_app (main.c:111)
==18456==    by 0x402128: main (main.c:82)
==18456==  Address 0x5c33951 is not stack'd, malloc'd or (recently) free'd
==18456== 
==18456== Invalid write of size 1
==18456==    at 0x51F9C39: __vsprintf_chk (vsprintf_chk.c:86)
==18456==    by 0x51F9B8C: __sprintf_chk (sprintf_chk.c:31)
==18456==    by 0x40A2A4: cs_mkick (stdio2.h:33)
==18456==    by 0x40404B: c_privmsg (commands.c:264)
==18456==    by 0x41741F: parse (sock.c:176)
==18456==    by 0x411416: start_app (main.c:148)
==18456==    by 0x41150F: load_app (main.c:111)
==18456==    by 0x402128: main (main.c:82)
==18456==  Address 0x5c33953 is not stack'd, malloc'd or (recently) free'd
==18456== 
--18456-- VALGRIND INTERNAL ERROR: Valgrind received a signal 11 (SIGSEGV) - exiting
--18456-- si_code=80;  Faulting address: 0x0;  sp: 0x802ca1dd0

valgrind: the 'impossible' happened:
   Killed by fatal signal
==18456==    at 0x3805CF06: ??? (in /usr/lib/valgrind/memcheck-amd64-linux)
==18456==    by 0x380216D4: ??? (in /usr/lib/valgrind/memcheck-amd64-linux)
==18456==    by 0x380218A2: ??? (in /usr/lib/valgrind/memcheck-amd64-linux)
==18456==    by 0x3809DC03: ??? (in /usr/lib/valgrind/memcheck-amd64-linux)
==18456==    by 0x380AC87C: ??? (in /usr/lib/valgrind/memcheck-amd64-linux)

sched status:
  running_tid=1

Thread 1: status = VgTs_Runnable
==18456==    at 0x4C2AB80: malloc (in /usr/lib/valgrind/vgpreload_memcheck-amd64-linux.so)
==18456==    by 0x4103D5: notice (irc.c:206)
==18456==    by 0x40A2B2: cs_mkick (cs_mkick.c:56)
==18456==    by 0x40404B: c_privmsg (commands.c:264)
==18456==    by 0x41741F: parse (sock.c:176)
==18456==    by 0x411416: start_app (main.c:148)
==18456==    by 0x41150F: load_app (main.c:111)
==18456==    by 0x402128: main (main.c:82)


Note: see also the FAQ in the source distribution.
It contains workarounds to several common problems.
In particular, if Valgrind aborted or crashed after
identifying problems in your program, there's a good chance
that fixing those problems will prevent Valgrind aborting or
crashing, especially if it happened in m_mallocfree.c.

If that doesn't help, please report this bug to: www.valgrind.org

In the bug report, send all the above text, the valgrind
version, and what OS and version you are using.  Thanks.

